<?xml version="1.0" encoding="UTF-8" ?>
<testsuite tests="1" failures="0" name="com.niit.collaborate.test.BlogDAOTestCase" time="0.221" errors="1" skipped="0">
  <properties>
[...]
</properties>
  <testcase classname="com.niit.collaborate.test.BlogDAOTestCase" name="com.niit.collaborate.test.BlogDAOTestCase" time="0.221">
    <error message="org/springframework/aop/TargetSource" type="java.lang.NoClassDefFoundError">java.lang.NoClassDefFoundError: org/springframework/aop/TargetSource
	at org.springframework.context.annotation.AnnotationConfigUtils.registerAnnotationConfigProcessors(AnnotationConfigUtils.java:154)
	at org.springframework.context.annotation.AnnotationConfigUtils.registerAnnotationConfigProcessors(AnnotationConfigUtils.java:134)
	at org.springframework.context.annotation.AnnotatedBeanDefinitionReader.&lt;init&gt;(AnnotatedBeanDefinitionReader.java:83)
	at org.springframework.context.annotation.AnnotatedBeanDefinitionReader.&lt;init&gt;(AnnotatedBeanDefinitionReader.java:66)
	at org.springframework.context.annotation.AnnotationConfigApplicationContext.&lt;init&gt;(AnnotationConfigApplicationContext.java:61)
	at com.niit.collaborate.test.BlogDAOTestCase.initalize(BlogDAOTestCase.java:24)
	at sun.reflect.NativeMethodAccessorImpl.invoke0(Native Method)
	at sun.reflect.NativeMethodAccessorImpl.invoke(NativeMethodAccessorImpl.java:62)
	at sun.reflect.DelegatingMethodAccessorImpl.invoke(DelegatingMethodAccessorImpl.java:43)
	at java.lang.reflect.Method.invoke(Method.java:498)
	at org.junit.runners.model.FrameworkMethod$1.runReflectiveCall(FrameworkMethod.java:50)
	at org.junit.internal.runners.model.ReflectiveCallable.run(ReflectiveCallable.java:12)
	at org.junit.runners.model.FrameworkMethod.invokeExplosively(FrameworkMethod.java:47)
	at org.junit.internal.runners.statements.RunBefores.evaluate(RunBefores.java:24)
	at org.junit.runners.ParentRunner.run(ParentRunner.java:363)
	at org.apache.maven.surefire.junit4.JUnit4Provider.execute(JUnit4Provider.java:252)
	at org.apache.maven.surefire.junit4.JUnit4Provider.executeTestSet(JUnit4Provider.java:141)
	at org.apache.maven.surefire.junit4.JUnit4Provider.invoke(JUnit4Provider.java:112)
	at sun.reflect.NativeMethodAccessorImpl.invoke0(Native Method)
	at sun.reflect.NativeMethodAccessorImpl.invoke(NativeMethodAccessorImpl.java:62)
	at sun.reflect.DelegatingMethodAccessorImpl.invoke(DelegatingMethodAccessorImpl.java:43)
	at java.lang.reflect.Method.invoke(Method.java:498)
	at org.apache.maven.surefire.util.ReflectionUtils.invokeMethodWithArray(ReflectionUtils.java:189)
	at org.apache.maven.surefire.booter.ProviderFactory$ProviderProxy.invoke(ProviderFactory.java:165)
	at org.apache.maven.surefire.booter.ProviderFactory.invokeProvider(ProviderFactory.java:85)
	at org.apache.maven.surefire.booter.ForkedBooter.runSuitesInProcess(ForkedBooter.java:115)
	at org.apache.maven.surefire.booter.ForkedBooter.main(ForkedBooter.java:75)
Caused by: java.lang.ClassNotFoundException: org.springframework.aop.TargetSource
	at java.net.URLClassLoader.findClass(URLClassLoader.java:381)
	at java.lang.ClassLoader.loadClass(ClassLoader.java:424)
	at sun.misc.Launcher$AppClassLoader.loadClass(Launcher.java:335)
	at java.lang.ClassLoader.loadClass(ClassLoader.java:357)
	... 27 more
</error>
    <system-out>Starting into Initializaed Blog Test case 
</system-out>
  </testcase>
</testsuite>